[0.012s] Invoking command in '/home/jcacace/ros2_ws/src/my_package/build/my_package': CMAKE_PREFIX_PATH=/opt/ros/dashing:${CMAKE_PREFIX_PATH} /usr/bin/cmake /home/jcacace/ros2_ws/src/my_package -DCMAKE_INSTALL_PREFIX=/home/jcacace/ros2_ws/src/my_package/install/my_package
[0.324s] -- The C compiler identification is GNU 7.5.0
[0.532s] -- The CXX compiler identification is GNU 7.5.0
[0.538s] -- Check for working C compiler: /usr/bin/cc
[0.591s] -- Check for working C compiler: /usr/bin/cc -- works
[0.592s] -- Detecting C compiler ABI info
[0.643s] -- Detecting C compiler ABI info - done
[0.647s] -- Detecting C compile features
[0.799s] -- Detecting C compile features - done
[0.801s] -- Check for working CXX compiler: /usr/bin/c++
[0.859s] -- Check for working CXX compiler: /usr/bin/c++ -- works
[0.859s] -- Detecting CXX compiler ABI info
[0.918s] -- Detecting CXX compiler ABI info - done
[0.922s] -- Detecting CXX compile features
[1.172s] -- Detecting CXX compile features - done
[1.174s] -- Found ament_cmake: 0.7.6 (/opt/ros/dashing/share/ament_cmake/cmake)
[1.199s] -- Found PythonInterp: /usr/bin/python3 (found suitable version "3.6.9", minimum required is "3") 
[1.199s] -- Using PYTHON_EXECUTABLE: /usr/bin/python3
[1.430s] -- Found ament_lint_auto: 0.7.12 (/opt/ros/dashing/share/ament_lint_auto/cmake)
[1.515s] -- Added test 'copyright' to check for copyright in CMake / C / C++ / Python code
[1.518s] -- Added test 'cppcheck' to perform static code analysis on C / C++ code
[1.518s] -- Configured cppcheck include dirs: $<BUILD_INTERFACE:/home/jcacace/ros2_ws/src/my_package/include>
[1.521s] -- Added test 'cpplint' to check C / C++ code against the Google style
[1.523s] -- Added test 'lint_cmake' to check CMake code style
[1.526s] -- Added test 'uncrustify' to check C / C++ code style
[1.527s] -- Added test 'xmllint' to check XML markup files
[1.528s] -- Configuring done
[1.530s] -- Generating done
[1.531s] -- Build files have been written to: /home/jcacace/ros2_ws/src/my_package/build/my_package
[1.536s] Invoked command in '/home/jcacace/ros2_ws/src/my_package/build/my_package' returned '0': CMAKE_PREFIX_PATH=/opt/ros/dashing:${CMAKE_PREFIX_PATH} /usr/bin/cmake /home/jcacace/ros2_ws/src/my_package -DCMAKE_INSTALL_PREFIX=/home/jcacace/ros2_ws/src/my_package/install/my_package
[1.538s] Invoking command in '/home/jcacace/ros2_ws/src/my_package/build/my_package': CMAKE_PREFIX_PATH=/opt/ros/dashing:${CMAKE_PREFIX_PATH} /usr/bin/cmake --build /home/jcacace/ros2_ws/src/my_package/build/my_package -- -j8 -l8
[1.566s] [35m[1mScanning dependencies of target my_node[0m
[1.574s] [ 50%] [32mBuilding CXX object CMakeFiles/my_node.dir/src/my_node.cpp.o[0m
[1.604s] [100%] [32m[1mLinking CXX executable my_node[0m
[1.647s] [100%] Built target my_node
[1.658s] Invoked command in '/home/jcacace/ros2_ws/src/my_package/build/my_package' returned '0': CMAKE_PREFIX_PATH=/opt/ros/dashing:${CMAKE_PREFIX_PATH} /usr/bin/cmake --build /home/jcacace/ros2_ws/src/my_package/build/my_package -- -j8 -l8
[1.693s] Invoking command in '/home/jcacace/ros2_ws/src/my_package/build/my_package': CMAKE_PREFIX_PATH=/opt/ros/dashing:${CMAKE_PREFIX_PATH} /usr/bin/cmake --build /home/jcacace/ros2_ws/src/my_package/build/my_package --target install -- -j8 -l8
[1.743s] [100%] Built target my_node
[1.762s] [36mInstall the project...[0m
[1.771s] -- Install configuration: ""
[1.771s] -- Installing: /home/jcacace/ros2_ws/src/my_package/install/my_package/lib/my_package/my_node
[1.771s] -- Installing: /home/jcacace/ros2_ws/src/my_package/install/my_package/share/ament_index/resource_index/package_run_dependencies/my_package
[1.772s] -- Installing: /home/jcacace/ros2_ws/src/my_package/install/my_package/share/ament_index/resource_index/parent_prefix_path/my_package
[1.772s] -- Installing: /home/jcacace/ros2_ws/src/my_package/install/my_package/share/my_package/environment/ament_prefix_path.sh
[1.772s] -- Installing: /home/jcacace/ros2_ws/src/my_package/install/my_package/share/my_package/environment/path.sh
[1.772s] -- Installing: /home/jcacace/ros2_ws/src/my_package/install/my_package/share/my_package/local_setup.bash
[1.772s] -- Installing: /home/jcacace/ros2_ws/src/my_package/install/my_package/share/my_package/local_setup.sh
[1.772s] -- Installing: /home/jcacace/ros2_ws/src/my_package/install/my_package/share/my_package/local_setup.zsh
[1.772s] -- Installing: /home/jcacace/ros2_ws/src/my_package/install/my_package/share/ament_index/resource_index/packages/my_package
[1.772s] -- Installing: /home/jcacace/ros2_ws/src/my_package/install/my_package/share/my_package/cmake/my_packageConfig.cmake
[1.772s] -- Installing: /home/jcacace/ros2_ws/src/my_package/install/my_package/share/my_package/cmake/my_packageConfig-version.cmake
[1.773s] -- Installing: /home/jcacace/ros2_ws/src/my_package/install/my_package/share/my_package/package.xml
[1.776s] Invoked command in '/home/jcacace/ros2_ws/src/my_package/build/my_package' returned '0': CMAKE_PREFIX_PATH=/opt/ros/dashing:${CMAKE_PREFIX_PATH} /usr/bin/cmake --build /home/jcacace/ros2_ws/src/my_package/build/my_package --target install -- -j8 -l8
