[0.320s] DEBUG:colcon:Command line arguments: ['/usr/bin/colcon', 'build']
[0.321s] DEBUG:colcon:Parsed command line arguments: Namespace(allow_overriding=[], ament_cmake_args=None, base_paths=['.'], build_base='build', catkin_cmake_args=None, catkin_skip_building_tests=False, cmake_args=None, cmake_clean_cache=False, cmake_clean_first=False, cmake_force_configure=False, cmake_target=None, cmake_target_skip_unavailable=False, continue_on_error=False, event_handlers=None, executor='parallel', ignore_user_meta=False, install_base='install', log_base=None, log_level=None, main=<bound method BuildVerb.main of <colcon_core.verb.build.BuildVerb object at 0x7ff4677b95f8>>, merge_install=False, metas=['./colcon.meta'], packages_above=None, packages_above_and_dependencies=None, packages_above_depth=None, packages_end=None, packages_ignore=None, packages_ignore_regex=None, packages_select=None, packages_select_build_failed=False, packages_select_by_dep=None, packages_select_regex=None, packages_select_test_failures=False, packages_skip=None, packages_skip_build_finished=False, packages_skip_by_dep=None, packages_skip_regex=None, packages_skip_test_passed=False, packages_skip_up_to=None, packages_start=None, packages_up_to=None, packages_up_to_regex=None, parallel_workers=8, paths=None, symlink_install=False, test_result_base=None, verb_extension=<colcon_core.verb.build.BuildVerb object at 0x7ff4677b95f8>, verb_name='build', verb_parser=<colcon_defaults.argument_parser.defaults.DefaultArgumentsDecorator object at 0x7ff467299128>)
[0.340s] Level 1:colcon.colcon_core.package_discovery:discover_packages(colcon_meta) check parameters
[0.340s] Level 1:colcon.colcon_core.package_discovery:discover_packages(recursive) check parameters
[0.340s] Level 1:colcon.colcon_core.package_discovery:discover_packages(ignore) check parameters
[0.340s] Level 1:colcon.colcon_core.package_discovery:discover_packages(path) check parameters
[0.340s] Level 1:colcon.colcon_core.package_discovery:discover_packages(colcon_meta) discover
[0.340s] Level 1:colcon.colcon_core.package_discovery:discover_packages(recursive) discover
[0.340s] INFO:colcon.colcon_core.package_discovery:Crawling recursively for packages in '/home/jcacace/ros2_ws/src/my_package'
[0.340s] Level 1:colcon.colcon_core.package_identification:_identify(.) by extensions ['ignore', 'ignore_ament_install']
[0.341s] Level 1:colcon.colcon_core.package_identification:_identify(.) by extension 'ignore'
[0.341s] Level 1:colcon.colcon_core.package_identification:_identify(.) by extension 'ignore_ament_install'
[0.341s] Level 1:colcon.colcon_core.package_identification:_identify(.) by extensions ['colcon_pkg']
[0.341s] Level 1:colcon.colcon_core.package_identification:_identify(.) by extension 'colcon_pkg'
[0.341s] Level 1:colcon.colcon_core.package_identification:_identify(.) by extensions ['colcon_meta']
[0.341s] Level 1:colcon.colcon_core.package_identification:_identify(.) by extension 'colcon_meta'
[0.341s] Level 1:colcon.colcon_core.package_identification:_identify(.) by extensions ['ros']
[0.341s] Level 1:colcon.colcon_core.package_identification:_identify(.) by extension 'ros'
[0.367s] DEBUG:colcon.colcon_core.package_identification:Package '.' with type 'ros.ament_cmake' and name 'my_package'
[0.367s] Level 1:colcon.colcon_core.package_discovery:discover_packages(recursive) using defaults
[0.367s] Level 1:colcon.colcon_core.package_discovery:discover_packages(ignore) discover
[0.367s] Level 1:colcon.colcon_core.package_discovery:discover_packages(ignore) using defaults
[0.367s] Level 1:colcon.colcon_core.package_discovery:discover_packages(path) discover
[0.367s] Level 1:colcon.colcon_core.package_discovery:discover_packages(path) using defaults
[0.385s] Level 1:colcon.colcon_core.package_discovery:discover_packages(prefix_path) check parameters
[0.385s] Level 1:colcon.colcon_core.package_discovery:discover_packages(prefix_path) discover
[0.388s] DEBUG:colcon.colcon_installed_package_information.package_discovery:Found 0 installed packages in /home/jcacace/ros2_ws/install
[0.389s] DEBUG:colcon.colcon_installed_package_information.package_discovery:Found 215 installed packages in /opt/ros/dashing
[0.391s] Level 1:colcon.colcon_core.package_discovery:discover_packages(prefix_path) using defaults
[0.435s] Level 5:colcon.colcon_core.verb:set package 'my_package' build argument 'cmake_args' from command line to 'None'
[0.435s] Level 5:colcon.colcon_core.verb:set package 'my_package' build argument 'cmake_target' from command line to 'None'
[0.435s] Level 5:colcon.colcon_core.verb:set package 'my_package' build argument 'cmake_target_skip_unavailable' from command line to 'False'
[0.435s] Level 5:colcon.colcon_core.verb:set package 'my_package' build argument 'cmake_clean_cache' from command line to 'False'
[0.435s] Level 5:colcon.colcon_core.verb:set package 'my_package' build argument 'cmake_clean_first' from command line to 'False'
[0.435s] Level 5:colcon.colcon_core.verb:set package 'my_package' build argument 'cmake_force_configure' from command line to 'False'
[0.435s] Level 5:colcon.colcon_core.verb:set package 'my_package' build argument 'ament_cmake_args' from command line to 'None'
[0.435s] Level 5:colcon.colcon_core.verb:set package 'my_package' build argument 'catkin_cmake_args' from command line to 'None'
[0.435s] Level 5:colcon.colcon_core.verb:set package 'my_package' build argument 'catkin_skip_building_tests' from command line to 'False'
[0.435s] DEBUG:colcon.colcon_core.verb:Building package 'my_package' with the following arguments: {'ament_cmake_args': None, 'build_base': '/home/jcacace/ros2_ws/src/my_package/build/my_package', 'catkin_cmake_args': None, 'catkin_skip_building_tests': False, 'cmake_args': None, 'cmake_clean_cache': False, 'cmake_clean_first': False, 'cmake_force_configure': False, 'cmake_target': None, 'cmake_target_skip_unavailable': False, 'install_base': '/home/jcacace/ros2_ws/src/my_package/install/my_package', 'merge_install': False, 'path': '/home/jcacace/ros2_ws/src/my_package', 'symlink_install': False, 'test_result_base': None}
[0.436s] INFO:colcon.colcon_core.executor:Executing jobs using 'parallel' executor
[0.439s] DEBUG:colcon.colcon_parallel_executor.executor.parallel:run_until_complete
[0.440s] INFO:colcon.colcon_ros.task.ament_cmake.build:Building ROS package in '/home/jcacace/ros2_ws/src/my_package' with build type 'ament_cmake'
[0.440s] INFO:colcon.colcon_cmake.task.cmake.build:Building CMake package in '/home/jcacace/ros2_ws/src/my_package'
[0.443s] INFO:colcon.colcon_core.plugin_system:Skipping extension 'colcon_core.shell.bat': Not used on non-Windows systems
[0.444s] INFO:colcon.colcon_core.shell:Skip shell extension 'powershell' for command environment: Not usable outside of PowerShell
[0.444s] DEBUG:colcon.colcon_core.shell:Skip shell extension 'dsv' for command environment
[0.447s] DEBUG:colcon.colcon_core.shell:Ignoring prefix path '/home/jcacace/ros_ws/devel'
[0.447s] DEBUG:colcon.colcon_core.shell:Ignoring prefix path '/opt/ros/melodic'
[0.452s] DEBUG:colcon.colcon_core.event_handler.log_command:Invoking command in '/home/jcacace/ros2_ws/src/my_package/build/my_package': CMAKE_PREFIX_PATH=/opt/ros/dashing:${CMAKE_PREFIX_PATH} /usr/bin/cmake /home/jcacace/ros2_ws/src/my_package -DCMAKE_INSTALL_PREFIX=/home/jcacace/ros2_ws/src/my_package/install/my_package
[1.976s] DEBUG:colcon.colcon_core.event_handler.log_command:Invoked command in '/home/jcacace/ros2_ws/src/my_package/build/my_package' returned '0': CMAKE_PREFIX_PATH=/opt/ros/dashing:${CMAKE_PREFIX_PATH} /usr/bin/cmake /home/jcacace/ros2_ws/src/my_package -DCMAKE_INSTALL_PREFIX=/home/jcacace/ros2_ws/src/my_package/install/my_package
[1.978s] DEBUG:colcon.colcon_core.event_handler.log_command:Invoking command in '/home/jcacace/ros2_ws/src/my_package/build/my_package': CMAKE_PREFIX_PATH=/opt/ros/dashing:${CMAKE_PREFIX_PATH} /usr/bin/cmake --build /home/jcacace/ros2_ws/src/my_package/build/my_package -- -j8 -l8
[2.099s] DEBUG:colcon.colcon_core.event_handler.log_command:Invoked command in '/home/jcacace/ros2_ws/src/my_package/build/my_package' returned '0': CMAKE_PREFIX_PATH=/opt/ros/dashing:${CMAKE_PREFIX_PATH} /usr/bin/cmake --build /home/jcacace/ros2_ws/src/my_package/build/my_package -- -j8 -l8
[2.133s] DEBUG:colcon.colcon_core.event_handler.log_command:Invoking command in '/home/jcacace/ros2_ws/src/my_package/build/my_package': CMAKE_PREFIX_PATH=/opt/ros/dashing:${CMAKE_PREFIX_PATH} /usr/bin/cmake --build /home/jcacace/ros2_ws/src/my_package/build/my_package --target install -- -j8 -l8
[2.215s] Level 1:colcon.colcon_core.environment:create_environment_scripts_only(my_package)
[2.216s] DEBUG:colcon.colcon_core.event_handler.log_command:Invoked command in '/home/jcacace/ros2_ws/src/my_package/build/my_package' returned '0': CMAKE_PREFIX_PATH=/opt/ros/dashing:${CMAKE_PREFIX_PATH} /usr/bin/cmake --build /home/jcacace/ros2_ws/src/my_package/build/my_package --target install -- -j8 -l8
[2.222s] Level 1:colcon.colcon_core.environment:checking '/home/jcacace/ros2_ws/src/my_package/install/my_package' for CMake module files
[2.222s] Level 1:colcon.colcon_core.environment:checking '/home/jcacace/ros2_ws/src/my_package/install/my_package' for CMake config files
[2.222s] Level 1:colcon.colcon_core.shell:create_environment_hook('my_package', 'cmake_prefix_path')
[2.224s] INFO:colcon.colcon_core.shell:Creating environment hook '/home/jcacace/ros2_ws/src/my_package/install/my_package/share/my_package/hook/cmake_prefix_path.ps1'
[2.225s] INFO:colcon.colcon_core.shell:Creating environment descriptor '/home/jcacace/ros2_ws/src/my_package/install/my_package/share/my_package/hook/cmake_prefix_path.dsv'
[2.225s] INFO:colcon.colcon_core.shell:Creating environment hook '/home/jcacace/ros2_ws/src/my_package/install/my_package/share/my_package/hook/cmake_prefix_path.sh'
[2.226s] Level 1:colcon.colcon_core.environment:checking '/home/jcacace/ros2_ws/src/my_package/install/my_package/lib'
[2.227s] Level 1:colcon.colcon_core.environment:checking '/home/jcacace/ros2_ws/src/my_package/install/my_package/bin'
[2.227s] Level 1:colcon.colcon_core.environment:checking '/home/jcacace/ros2_ws/src/my_package/install/my_package/lib/pkgconfig/my_package.pc'
[2.227s] Level 1:colcon.colcon_core.environment:checking '/home/jcacace/ros2_ws/src/my_package/install/my_package/lib/python3.6/site-packages'
[2.227s] Level 1:colcon.colcon_core.environment:checking '/home/jcacace/ros2_ws/src/my_package/install/my_package/bin'
[2.229s] INFO:colcon.colcon_core.shell:Creating package script '/home/jcacace/ros2_ws/src/my_package/install/my_package/share/my_package/package.ps1'
[2.230s] INFO:colcon.colcon_core.shell:Creating package descriptor '/home/jcacace/ros2_ws/src/my_package/install/my_package/share/my_package/package.dsv'
[2.230s] INFO:colcon.colcon_core.shell:Creating package script '/home/jcacace/ros2_ws/src/my_package/install/my_package/share/my_package/package.sh'
[2.231s] INFO:colcon.colcon_core.shell:Creating package script '/home/jcacace/ros2_ws/src/my_package/install/my_package/share/my_package/package.bash'
[2.232s] INFO:colcon.colcon_core.shell:Creating package script '/home/jcacace/ros2_ws/src/my_package/install/my_package/share/my_package/package.zsh'
[2.232s] Level 1:colcon.colcon_core.environment:create_file_with_runtime_dependencies(/home/jcacace/ros2_ws/src/my_package/install/my_package/share/colcon-core/packages/my_package)
[2.255s] Level 1:colcon.colcon_core.environment:create_environment_scripts_only(my_package)
[2.257s] Level 1:colcon.colcon_core.environment:checking '/home/jcacace/ros2_ws/src/my_package/install/my_package' for CMake module files
[2.258s] Level 1:colcon.colcon_core.environment:checking '/home/jcacace/ros2_ws/src/my_package/install/my_package' for CMake config files
[2.258s] Level 1:colcon.colcon_core.shell:create_environment_hook('my_package', 'cmake_prefix_path')
[2.259s] INFO:colcon.colcon_core.shell:Creating environment hook '/home/jcacace/ros2_ws/src/my_package/install/my_package/share/my_package/hook/cmake_prefix_path.ps1'
[2.260s] INFO:colcon.colcon_core.shell:Creating environment descriptor '/home/jcacace/ros2_ws/src/my_package/install/my_package/share/my_package/hook/cmake_prefix_path.dsv'
[2.260s] INFO:colcon.colcon_core.shell:Creating environment hook '/home/jcacace/ros2_ws/src/my_package/install/my_package/share/my_package/hook/cmake_prefix_path.sh'
[2.261s] Level 1:colcon.colcon_core.environment:checking '/home/jcacace/ros2_ws/src/my_package/install/my_package/lib'
[2.261s] Level 1:colcon.colcon_core.environment:checking '/home/jcacace/ros2_ws/src/my_package/install/my_package/bin'
[2.261s] Level 1:colcon.colcon_core.environment:checking '/home/jcacace/ros2_ws/src/my_package/install/my_package/lib/pkgconfig/my_package.pc'
[2.261s] Level 1:colcon.colcon_core.environment:checking '/home/jcacace/ros2_ws/src/my_package/install/my_package/lib/python3.6/site-packages'
[2.261s] Level 1:colcon.colcon_core.environment:checking '/home/jcacace/ros2_ws/src/my_package/install/my_package/bin'
[2.263s] INFO:colcon.colcon_core.shell:Creating package script '/home/jcacace/ros2_ws/src/my_package/install/my_package/share/my_package/package.ps1'
[2.263s] INFO:colcon.colcon_core.shell:Creating package descriptor '/home/jcacace/ros2_ws/src/my_package/install/my_package/share/my_package/package.dsv'
[2.264s] INFO:colcon.colcon_core.shell:Creating package script '/home/jcacace/ros2_ws/src/my_package/install/my_package/share/my_package/package.sh'
[2.264s] INFO:colcon.colcon_core.shell:Creating package script '/home/jcacace/ros2_ws/src/my_package/install/my_package/share/my_package/package.bash'
[2.264s] INFO:colcon.colcon_core.shell:Creating package script '/home/jcacace/ros2_ws/src/my_package/install/my_package/share/my_package/package.zsh'
[2.265s] Level 1:colcon.colcon_core.environment:create_file_with_runtime_dependencies(/home/jcacace/ros2_ws/src/my_package/install/my_package/share/colcon-core/packages/my_package)
[2.265s] DEBUG:colcon.colcon_parallel_executor.executor.parallel:closing loop
[2.266s] DEBUG:colcon.colcon_parallel_executor.executor.parallel:loop closed
[2.266s] DEBUG:colcon.colcon_parallel_executor.executor.parallel:run_until_complete finished with '0'
[2.266s] DEBUG:colcon.colcon_core.event_reactor:joining thread
[2.273s] INFO:colcon.colcon_core.plugin_system:Skipping extension 'colcon_notification.desktop_notification.terminal_notifier': Not used on non-Darwin systems
[2.273s] INFO:colcon.colcon_core.plugin_system:Skipping extension 'colcon_notification.desktop_notification.win32': Not used on non-Windows systems
[2.273s] INFO:colcon.colcon_notification.desktop_notification:Sending desktop notification using 'notify2'
[27.299s] DEBUG:colcon.colcon_notification.desktop_notification.notify2:Failed to initialize notify2: org.freedesktop.DBus.Error.NoReply: Did not receive a reply. Possible causes include: the remote application did not send a reply, the message bus security policy blocked the reply, the reply timeout expired, or the network connection was broken.
[27.300s] DEBUG:colcon.colcon_core.event_reactor:joined thread
[27.305s] INFO:colcon.colcon_core.shell:Creating prefix script '/home/jcacace/ros2_ws/src/my_package/install/local_setup.ps1'
[27.306s] INFO:colcon.colcon_core.shell:Creating prefix util module '/home/jcacace/ros2_ws/src/my_package/install/_local_setup_util_ps1.py'
[27.307s] INFO:colcon.colcon_core.shell:Creating prefix chain script '/home/jcacace/ros2_ws/src/my_package/install/setup.ps1'
[27.308s] INFO:colcon.colcon_core.shell:Creating prefix script '/home/jcacace/ros2_ws/src/my_package/install/local_setup.sh'
[27.309s] INFO:colcon.colcon_core.shell:Creating prefix util module '/home/jcacace/ros2_ws/src/my_package/install/_local_setup_util_sh.py'
[27.309s] INFO:colcon.colcon_core.shell:Creating prefix chain script '/home/jcacace/ros2_ws/src/my_package/install/setup.sh'
[27.310s] INFO:colcon.colcon_core.shell:Creating prefix script '/home/jcacace/ros2_ws/src/my_package/install/local_setup.bash'
[27.311s] INFO:colcon.colcon_core.shell:Creating prefix chain script '/home/jcacace/ros2_ws/src/my_package/install/setup.bash'
[27.312s] INFO:colcon.colcon_core.shell:Creating prefix script '/home/jcacace/ros2_ws/src/my_package/install/local_setup.zsh'
[27.312s] INFO:colcon.colcon_core.shell:Creating prefix chain script '/home/jcacace/ros2_ws/src/my_package/install/setup.zsh'
